<?xml version="1.0" encoding="UTF-8"?>
<!-- Generated by org.testng.reporters.JUnitXMLReporter -->
<testsuite hostname="DESKTOP-C37E15E" ignored="0" name="Test" tests="1" failures="1" timestamp="07 Sep 2020 05:09:32 GMT" time="12.286" errors="0">
  <testcase name="rodn" time="11.968" classname="quick.Sort.SoTest">
    <failure type="org.openqa.selenium.SessionNotCreatedException" message="session not created: This version of ChromeDriver only supports Chrome version 83
Build info: version: &amp;apos;3.6.0&amp;apos;, revision: &amp;apos;6fbf3ec767&amp;apos;, time: &amp;apos;2017-09-27T15:28:36.4Z&amp;apos;
System info: host: &amp;apos;DESKTOP-C37E15E&amp;apos;, ip: &amp;apos;192.168.1.6&amp;apos;, os.name: &amp;apos;Windows 10&amp;apos;, os.arch: &amp;apos;amd64&amp;apos;, os.version: &amp;apos;10.0&amp;apos;, java.version: &amp;apos;1.8.0_251&amp;apos;
Driver info: driver.version: ChromeDriver
remote stacktrace: Backtrace:
	Ordinal0 [0x00929563+2725219]
	Ordinal0 [0x00828551+1672529]
	Ordinal0 [0x00710359+525145]
	Ordinal0 [0x006A0B77+68471]
	Ordinal0 [0x0069D32C+54060]
	Ordinal0 [0x006BCC37+183351]
	Ordinal0 [0x006BCA3D+182845]
	Ordinal0 [0x006BA94B+174411]
	Ordinal0 [0x006A2528+75048]
	Ordinal0 [0x006A35A0+79264]
	Ordinal0 [0x006A3539+79161]
	Ordinal0 [0x0083D607+1758727]
	GetHandleVerifier [0x00A46546+1050150]
	GetHandleVerifier [0x00A46291+1049457]
	GetHandleVerifier [0x00A510D7+1094071]
	GetHandleVerifier [0x00A46B46+1051686]
	Ordinal0 [0x00835B06+1727238]
	Ordinal0 [0x0083EB7B+1764219]
	Ordinal0 [0x0083ECE3+1764579]
	Ordinal0 [0x00854C05+1854469]
	BaseThreadInitThunk [0x76F96359+25]
	RtlGetAppContainerNamedObjectPath [0x77367C24+228]
	RtlGetAppContainerNamedObjectPath [0x77367BF4+180]
">
      <![CDATA[org.openqa.selenium.SessionNotCreatedException: session not created: This version of ChromeDriver only supports Chrome version 83
Build info: version: '3.6.0', revision: '6fbf3ec767', time: '2017-09-27T15:28:36.4Z'
System info: host: 'DESKTOP-C37E15E', ip: '192.168.1.6', os.name: 'Windows 10', os.arch: 'amd64', os.version: '10.0', java.version: '1.8.0_251'
Driver info: driver.version: ChromeDriver
remote stacktrace: Backtrace:
	Ordinal0 [0x00929563+2725219]
	Ordinal0 [0x00828551+1672529]
	Ordinal0 [0x00710359+525145]
	Ordinal0 [0x006A0B77+68471]
	Ordinal0 [0x0069D32C+54060]
	Ordinal0 [0x006BCC37+183351]
	Ordinal0 [0x006BCA3D+182845]
	Ordinal0 [0x006BA94B+174411]
	Ordinal0 [0x006A2528+75048]
	Ordinal0 [0x006A35A0+79264]
	Ordinal0 [0x006A3539+79161]
	Ordinal0 [0x0083D607+1758727]
	GetHandleVerifier [0x00A46546+1050150]
	GetHandleVerifier [0x00A46291+1049457]
	GetHandleVerifier [0x00A510D7+1094071]
	GetHandleVerifier [0x00A46B46+1051686]
	Ordinal0 [0x00835B06+1727238]
	Ordinal0 [0x0083EB7B+1764219]
	Ordinal0 [0x0083ECE3+1764579]
	Ordinal0 [0x00854C05+1854469]
	BaseThreadInitThunk [0x76F96359+25]
	RtlGetAppContainerNamedObjectPath [0x77367C24+228]
	RtlGetAppContainerNamedObjectPath [0x77367BF4+180]

	at org.openqa.selenium.remote.W3CHandshakeResponse.lambda$new$0(W3CHandshakeResponse.java:57)
	at org.openqa.selenium.remote.W3CHandshakeResponse.lambda$getResponseFunction$2(W3CHandshakeResponse.java:104)
	at org.openqa.selenium.remote.ProtocolHandshake.lambda$createSession$24(ProtocolHandshake.java:359)
	at java.util.stream.ReferencePipeline$3$1.accept(ReferencePipeline.java:193)
	at java.util.Spliterators$ArraySpliterator.tryAdvance(Spliterators.java:958)
	at java.util.stream.ReferencePipeline.forEachWithCancel(ReferencePipeline.java:126)
	at java.util.stream.AbstractPipeline.copyIntoWithCancel(AbstractPipeline.java:499)
	at java.util.stream.AbstractPipeline.copyInto(AbstractPipeline.java:486)
	at java.util.stream.AbstractPipeline.wrapAndCopyInto(AbstractPipeline.java:472)
	at java.util.stream.FindOps$FindOp.evaluateSequential(FindOps.java:152)
	at java.util.stream.AbstractPipeline.evaluate(AbstractPipeline.java:234)
	at java.util.stream.ReferencePipeline.findFirst(ReferencePipeline.java:464)
	at org.openqa.selenium.remote.ProtocolHandshake.createSession(ProtocolHandshake.java:362)
	at org.openqa.selenium.remote.ProtocolHandshake.createSession(ProtocolHandshake.java:136)
	at org.openqa.selenium.remote.HttpCommandExecutor.execute(HttpCommandExecutor.java:142)
	at org.openqa.selenium.remote.service.DriverCommandExecutor.execute(DriverCommandExecutor.java:83)
	at org.openqa.selenium.remote.RemoteWebDriver.execute(RemoteWebDriver.java:586)
	at org.openqa.selenium.remote.RemoteWebDriver.startSession(RemoteWebDriver.java:217)
	at org.openqa.selenium.remote.RemoteWebDriver.<init>(RemoteWebDriver.java:140)
	at org.openqa.selenium.chrome.ChromeDriver.<init>(ChromeDriver.java:181)
	at org.openqa.selenium.chrome.ChromeDriver.<init>(ChromeDriver.java:168)
	at org.openqa.selenium.chrome.ChromeDriver.<init>(ChromeDriver.java:123)
	at quick.Sort.Base.initializeDriver(Base.java:31)
	at quick.Sort.SoTest.rodn(SoTest.java:28)
... Removed 33 stack frames]]>
    </failure>
  </testcase> <!-- rodn -->
</testsuite> <!-- Test -->
