<?xml version="1.0" encoding="UTF-8"?>
<testsuite xmlns:xsi="http://www.w3.org/2001/XMLSchema-instance" xsi:noNamespaceSchemaLocation="https://maven.apache.org/surefire/maven-surefire-plugin/xsd/surefire-test-report-3.0.xsd" version="3.0" name="TestSuite" time="23.639" tests="1" errors="0" skipped="0" failures="1">
  <properties>
[...]
</properties>
  <testcase name="rodn" classname="quick.Sort.SoTest" time="11.953">
    <failure message="session not created: This version of ChromeDriver only supports Chrome version 83&#10;Build info: version: &apos;3.6.0&apos;, revision: &apos;6fbf3ec767&apos;, time: &apos;2017-09-27T15:28:36.4Z&apos;&#10;System info: host: &apos;DESKTOP-C37E15E&apos;, ip: &apos;192.168.1.6&apos;, os.name: &apos;Windows 10&apos;, os.arch: &apos;amd64&apos;, os.version: &apos;10.0&apos;, java.version: &apos;1.8.0_251&apos;&#10;Driver info: driver.version: ChromeDriver&#10;remote stacktrace: Backtrace:&#10;	Ordinal0 [0x00929563+2725219]&#10;	Ordinal0 [0x00828551+1672529]&#10;	Ordinal0 [0x00710359+525145]&#10;	Ordinal0 [0x006A0B77+68471]&#10;	Ordinal0 [0x0069D32C+54060]&#10;	Ordinal0 [0x006BCC37+183351]&#10;	Ordinal0 [0x006BCA3D+182845]&#10;	Ordinal0 [0x006BA94B+174411]&#10;	Ordinal0 [0x006A2528+75048]&#10;	Ordinal0 [0x006A35A0+79264]&#10;	Ordinal0 [0x006A3539+79161]&#10;	Ordinal0 [0x0083D607+1758727]&#10;	GetHandleVerifier [0x00A46546+1050150]&#10;	GetHandleVerifier [0x00A46291+1049457]&#10;	GetHandleVerifier [0x00A510D7+1094071]&#10;	GetHandleVerifier [0x00A46B46+1051686]&#10;	Ordinal0 [0x00835B06+1727238]&#10;	Ordinal0 [0x0083EB7B+1764219]&#10;	Ordinal0 [0x0083ECE3+1764579]&#10;	Ordinal0 [0x00854C05+1854469]&#10;	BaseThreadInitThunk [0x76F96359+25]&#10;	RtlGetAppContainerNamedObjectPath [0x77367C24+228]&#10;	RtlGetAppContainerNamedObjectPath [0x77367BF4+180]&#10;" type="org.openqa.selenium.SessionNotCreatedException"><![CDATA[org.openqa.selenium.SessionNotCreatedException: 
session not created: This version of ChromeDriver only supports Chrome version 83
Build info: version: '3.6.0', revision: '6fbf3ec767', time: '2017-09-27T15:28:36.4Z'
System info: host: 'DESKTOP-C37E15E', ip: '192.168.1.6', os.name: 'Windows 10', os.arch: 'amd64', os.version: '10.0', java.version: '1.8.0_251'
Driver info: driver.version: ChromeDriver
remote stacktrace: Backtrace:
	Ordinal0 [0x00929563+2725219]
	Ordinal0 [0x00828551+1672529]
	Ordinal0 [0x00710359+525145]
	Ordinal0 [0x006A0B77+68471]
	Ordinal0 [0x0069D32C+54060]
	Ordinal0 [0x006BCC37+183351]
	Ordinal0 [0x006BCA3D+182845]
	Ordinal0 [0x006BA94B+174411]
	Ordinal0 [0x006A2528+75048]
	Ordinal0 [0x006A35A0+79264]
	Ordinal0 [0x006A3539+79161]
	Ordinal0 [0x0083D607+1758727]
	GetHandleVerifier [0x00A46546+1050150]
	GetHandleVerifier [0x00A46291+1049457]
	GetHandleVerifier [0x00A510D7+1094071]
	GetHandleVerifier [0x00A46B46+1051686]
	Ordinal0 [0x00835B06+1727238]
	Ordinal0 [0x0083EB7B+1764219]
	Ordinal0 [0x0083ECE3+1764579]
	Ordinal0 [0x00854C05+1854469]
	BaseThreadInitThunk [0x76F96359+25]
	RtlGetAppContainerNamedObjectPath [0x77367C24+228]
	RtlGetAppContainerNamedObjectPath [0x77367BF4+180]

	at quick.Sort.SoTest.rodn(SoTest.java:28)
]]></failure>
    <system-out><![CDATA[[TestNGContentHandler] [WARN] It is strongly recommended to add "<!DOCTYPE suite SYSTEM "http://testng.org/testng-1.0.dtd" >" at the top of your file, otherwise TestNG may fail or not work as expected.
]]></system-out>
    <system-err><![CDATA[Starting ChromeDriver 83.0.4103.39 (ccbf011cb2d2b19b506d844400483861342c20cd-refs/branch-heads/4103@{#416}) on port 5436
Only local connections are allowed.
Please see https://chromedriver.chromium.org/security-considerations for suggestions on keeping ChromeDriver safe.
ChromeDriver was started successfully.
]]></system-err>
  </testcase>
</testsuite>